<?xml version="1.0" encoding="UTF-8"?>
<testsuite xmlns:xsi="http://www.w3.org/2001/XMLSchema-instance" xsi:noNamespaceSchemaLocation="https://maven.apache.org/surefire/maven-surefire-plugin/xsd/surefire-test-report.xsd" version="3.0.2" name="com.softplat.SearchApplicationTests" time="2.376" tests="1" errors="0" skipped="0" failures="0">
  <properties>
[...]
</properties>
  <testcase name="contextLoads" classname="com.softplat.SearchApplicationTests" time="0.545">
    <system-out><![CDATA[15:18:31.984 [main] INFO org.springframework.test.context.support.AnnotationConfigContextLoaderUtils -- Could not detect default configuration classes for test class [com.softplat.SearchApplicationTests]: SearchApplicationTests does not declare any static, non-private, non-final, nested classes annotated with @Configuration.
15:18:32.127 [main] INFO org.springframework.boot.test.context.SpringBootTestContextBootstrapper -- Found @SpringBootConfiguration com.softplat.SearchApplication for test class com.softplat.SearchApplicationTests

  .   ____          _            __ _ _
 /\\ / ___'_ __ _ _(_)_ __  __ _ \ \ \ \
( ( )\___ | '_ | '_| | '_ \/ _` | \ \ \ \
 \\/  ___)| |_)| | | | | || (_| |  ) ) ) )
  '  |____| .__|_| |_|_| |_\__, | / / / /
 =========|_|==============|___/=/_/_/_/

 :: Spring Boot ::                (v4.0.0)

2025-12-17T15:18:32.491+01:00  INFO 39776 --- [searcher] [           main] com.softplat.SearchApplicationTests      : Starting SearchApplicationTests using Java 21.0.9 with PID 39776 (started by fabio in /run/media/fabio/HDD1TB/Università/IntelliJ/SpringProjects/springSoftplat)
2025-12-17T15:18:32.493+01:00  INFO 39776 --- [searcher] [           main] com.softplat.SearchApplicationTests      : No active profile set, falling back to 1 default profile: "default"
2025-12-17T15:18:33.636+01:00  INFO 39776 --- [searcher] [           main] com.softplat.SearchApplicationTests      : Started SearchApplicationTests in 1.386 seconds (process running for 2.357)
]]></system-out>
    <system-err><![CDATA[Mockito is currently self-attaching to enable the inline-mock-maker. This will no longer work in future releases of the JDK. Please add Mockito as an agent to your build as described in Mockito's documentation: https://javadoc.io/doc/org.mockito/mockito-core/latest/org.mockito/org/mockito/Mockito.html#0.3
WARNING: A Java agent has been loaded dynamically (/home/fabio/.m2/repository/net/bytebuddy/byte-buddy-agent/1.17.8/byte-buddy-agent-1.17.8.jar)
WARNING: If a serviceability tool is in use, please run with -XX:+EnableDynamicAgentLoading to hide this warning
WARNING: If a serviceability tool is not in use, please run with -Djdk.instrument.traceUsage for more information
WARNING: Dynamic loading of agents will be disallowed by default in a future release
]]></system-err>
  </testcase>
</testsuite>